# JRE version: Java(TM) SE Runtime Environment (10.0.2+13) (build 10.0.2+13)
# Java VM: Java HotSpot(TM) 64-Bit Server VM (10.0.2+13, mixed mode, tiered, compressed oops, g1 gc, windows-amd64)
Heap:
 garbage-first heap   total 262144K, used 61260K [0x00000006c0000000, 0x00000007c0000000)
  region size 1024K, 39 young (39936K), 5 survivors (5120K)
 Metaspace       used 46897K, capacity 48000K, committed 48256K, reserved 1091584K
  class space    used 5258K, capacity 5716K, committed 5760K, reserved 1048576K
GC Heap History (10 events):
Event: 3.021 GC heap before
{Heap before GC invocations=3 (full 0):
 garbage-first heap   total 262144K, used 18712K [0x00000006c0000000, 0x00000007c0000000)
  region size 1024K, 15 young (15360K), 2 survivors (2048K)
 Metaspace       used 20749K, capacity 21091K, committed 21296K, reserved 1069056K
  class space    used 2207K, capacity 2386K, committed 2432K, reserved 1048576K
}
Event: 3.027 GC heap after
{Heap after GC invocations=4 (full 0):
 garbage-first heap   total 262144K, used 6735K [0x00000006c0000000, 0x00000007c0000000)
  region size 1024K, 2 young (2048K), 2 survivors (2048K)
 Metaspace       used 20749K, capacity 21091K, committed 21296K, reserved 1069056K
  class space    used 2207K, capacity 2386K, committed 2432K, reserved 1048576K
}
Event: 30.231 GC heap before
{Heap before GC invocations=5 (full 0):
 garbage-first heap   total 262144K, used 54863K [0x00000006c0000000, 0x00000007c0000000)
  region size 1024K, 49 young (50176K), 2 survivors (2048K)
 Metaspace       used 28937K, capacity 29650K, committed 29952K, reserved 1075200K
  class space    used 3221K, capacity 3466K, committed 3584K, reserved 1048576K
}
Event: 30.249 GC heap after
{Heap after GC invocations=6 (full 0):
 garbage-first heap   total 262144K, used 9692K [0x00000006c0000000, 0x00000007c0000000)
  region size 1024K, 5 young (5120K), 5 survivors (5120K)
 Metaspace       used 28937K, capacity 29650K, committed 29952K, reserved 1075200K
  class space    used 3221K, capacity 3466K, committed 3584K, reserved 1048576K
}
Event: 33.218 GC heap before
{Heap before GC invocations=6 (full 0):
 garbage-first heap   total 262144K, used 78300K [0x00000006c0000000, 0x00000007c0000000)
  region size 1024K, 73 young (74752K), 5 survivors (5120K)
 Metaspace       used 34888K, capacity 35768K, committed 35920K, reserved 1081344K
  class space    used 3933K, capacity 4320K, committed 4352K, reserved 1048576K
}
Event: 33.237 GC heap after
{Heap after GC invocations=7 (full 0):
 garbage-first heap   total 262144K, used 13690K [0x00000006c0000000, 0x00000007c0000000)
  region size 1024K, 9 young (9216K), 9 survivors (9216K)
 Metaspace       used 34888K, capacity 35768K, committed 35920K, reserved 1081344K
  class space    used 3933K, capacity 4320K, committed 4352K, reserved 1048576K
}
Event: 48.207 GC heap before
{Heap before GC invocations=8 (full 0):
 garbage-first heap   total 262144K, used 108922K [0x00000006c0000000, 0x00000007c0000000)
  region size 1024K, 102 young (104448K), 9 survivors (9216K)
 Metaspace       used 41541K, capacity 42474K, committed 42752K, reserved 1087488K
  class space    used 4672K, capacity 5070K, committed 5120K, reserved 1048576K
}
Event: 48.228 GC heap after
{Heap after GC invocations=9 (full 0):
 garbage-first heap   total 262144K, used 22991K [0x00000006c0000000, 0x00000007c0000000)
  region size 1024K, 13 young (13312K), 13 survivors (13312K)
 Metaspace       used 41541K, capacity 42474K, committed 42752K, reserved 1087488K
  class space    used 4672K, capacity 5070K, committed 5120K, reserved 1048576K
}
Event: 150.884 GC heap before
{Heap before GC invocations=9 (full 0):
 garbage-first heap   total 262144K, used 132559K [0x00000006c0000000, 0x00000007c0000000)
  region size 1024K, 120 young (122880K), 13 survivors (13312K)
 Metaspace       used 46664K, capacity 47730K, committed 48000K, reserved 1091584K
  class space    used 5253K, capacity 5713K, committed 5760K, reserved 1048576K
}
Event: 150.905 GC heap after
{Heap after GC invocations=10 (full 0):
 garbage-first heap   total 262144K, used 27468K [0x00000006c0000000, 0x00000007c0000000)
  region size 1024K, 5 young (5120K), 5 survivors (5120K)
 Metaspace       used 46664K, capacity 47730K, committed 48000K, reserved 1091584K
  class space    used 5253K, capacity 5713K, committed 5760K, reserved 1048576K
}

