# JRE version: Java(TM) SE Runtime Environment (10.0.2+13) (build 10.0.2+13)
# Java VM: Java HotSpot(TM) 64-Bit Server VM (10.0.2+13, mixed mode, tiered, compressed oops, g1 gc, windows-amd64)
Heap:
 garbage-first heap   total 262144K, used 114330K [0x00000006c0000000, 0x00000007c0000000)
  region size 1024K, 108 young (110592K), 20 survivors (20480K)
 Metaspace       used 46834K, capacity 47968K, committed 48256K, reserved 1091584K
  class space    used 5265K, capacity 5730K, committed 5760K, reserved 1048576K
GC Heap History (10 events):
Event: 5.977 GC heap before
{Heap before GC invocations=2 (full 0):
 garbage-first heap   total 262144K, used 31773K [0x00000006c0000000, 0x00000007c0000000)
  region size 1024K, 27 young (27648K), 1 survivors (1024K)
 Metaspace       used 17820K, capacity 18250K, committed 18560K, reserved 1064960K
  class space    used 1894K, capacity 2077K, committed 2176K, reserved 1048576K
}
Event: 5.981 GC heap after
{Heap after GC invocations=3 (full 0):
 garbage-first heap   total 262144K, used 6527K [0x00000006c0000000, 0x00000007c0000000)
  region size 1024K, 2 young (2048K), 2 survivors (2048K)
 Metaspace       used 17820K, capacity 18250K, committed 18560K, reserved 1064960K
  class space    used 1894K, capacity 2077K, committed 2176K, reserved 1048576K
}
Event: 6.185 GC heap before
{Heap before GC invocations=3 (full 0):
 garbage-first heap   total 262144K, used 20863K [0x00000006c0000000, 0x00000007c0000000)
  region size 1024K, 17 young (17408K), 2 survivors (2048K)
 Metaspace       used 20768K, capacity 21185K, committed 21296K, reserved 1069056K
  class space    used 2228K, capacity 2423K, committed 2432K, reserved 1048576K
}
Event: 6.188 GC heap after
{Heap after GC invocations=4 (full 0):
 garbage-first heap   total 262144K, used 6863K [0x00000006c0000000, 0x00000007c0000000)
  region size 1024K, 3 young (3072K), 3 survivors (3072K)
 Metaspace       used 20768K, capacity 21185K, committed 21296K, reserved 1069056K
  class space    used 2228K, capacity 2423K, committed 2432K, reserved 1048576K
}
Event: 89.005 GC heap before
{Heap before GC invocations=5 (full 0):
 garbage-first heap   total 262144K, used 59087K [0x00000006c0000000, 0x00000007c0000000)
  region size 1024K, 54 young (55296K), 3 survivors (3072K)
 Metaspace       used 29175K, capacity 29890K, committed 30208K, reserved 1075200K
  class space    used 3240K, capacity 3502K, committed 3584K, reserved 1048576K
}
Event: 89.014 GC heap after
{Heap after GC invocations=6 (full 0):
 garbage-first heap   total 262144K, used 9956K [0x00000006c0000000, 0x00000007c0000000)
  region size 1024K, 6 young (6144K), 6 survivors (6144K)
 Metaspace       used 29175K, capacity 29890K, committed 30208K, reserved 1075200K
  class space    used 3240K, capacity 3502K, committed 3584K, reserved 1048576K
}
Event: 101.335 GC heap before
{Heap before GC invocations=6 (full 0):
 garbage-first heap   total 262144K, used 73444K [0x00000006c0000000, 0x00000007c0000000)
  region size 1024K, 69 young (70656K), 6 survivors (6144K)
 Metaspace       used 34984K, capacity 35825K, committed 35920K, reserved 1081344K
  class space    used 3938K, capacity 4320K, committed 4352K, reserved 1048576K
}
Event: 101.350 GC heap after
{Heap after GC invocations=7 (full 0):
 garbage-first heap   total 262144K, used 13777K [0x00000006c0000000, 0x00000007c0000000)
  region size 1024K, 9 young (9216K), 9 survivors (9216K)
 Metaspace       used 34984K, capacity 35825K, committed 35920K, reserved 1081344K
  class space    used 3938K, capacity 4320K, committed 4352K, reserved 1048576K
}
Event: 268.352 GC heap before
{Heap before GC invocations=8 (full 0):
 garbage-first heap   total 262144K, used 161233K [0x00000006c0000000, 0x00000007c0000000)
  region size 1024K, 153 young (156672K), 9 survivors (9216K)
 Metaspace       used 44531K, capacity 45583K, committed 45824K, reserved 1089536K
  class space    used 5051K, capacity 5506K, committed 5632K, reserved 1048576K
}
Event: 268.378 GC heap after
{Heap after GC invocations=9 (full 0):
 garbage-first heap   total 262144K, used 25242K [0x00000006c0000000, 0x00000007c0000000)
  region size 1024K, 20 young (20480K), 20 survivors (20480K)
 Metaspace       used 44531K, capacity 45583K, committed 45824K, reserved 1089536K
  class space    used 5051K, capacity 5506K, committed 5632K, reserved 1048576K
}

