# JRE version: Java(TM) SE Runtime Environment (10.0.2+13) (build 10.0.2+13)
# Java VM: Java HotSpot(TM) 64-Bit Server VM (10.0.2+13, mixed mode, tiered, compressed oops, g1 gc, windows-amd64)
Heap:
 garbage-first heap   total 92160K, used 34195K [0x00000006c0000000, 0x00000007c0000000)
  region size 1024K, 9 young (9216K), 3 survivors (3072K)
 Metaspace       used 48415K, capacity 49706K, committed 49920K, reserved 1093632K
  class space    used 5376K, capacity 5853K, committed 5888K, reserved 1048576K
GC Heap History (10 events):
Event: 179.356 GC heap before
{Heap before GC invocations=10 (full 0):
 garbage-first heap   total 262144K, used 152215K [0x00000006c0000000, 0x00000007c0000000)
  region size 1024K, 127 young (130048K), 5 survivors (5120K)
 Metaspace       used 47208K, capacity 48342K, committed 48640K, reserved 1091584K
  class space    used 5316K, capacity 5767K, committed 5888K, reserved 1048576K
}
Event: 179.366 GC heap after
{Heap after GC invocations=11 (full 0):
 garbage-first heap   total 262144K, used 27851K [0x00000006c0000000, 0x00000007c0000000)
  region size 1024K, 6 young (6144K), 6 survivors (6144K)
 Metaspace       used 47208K, capacity 48342K, committed 48640K, reserved 1091584K
  class space    used 5316K, capacity 5767K, committed 5888K, reserved 1048576K
}
Event: 469.379 GC heap before
{Heap before GC invocations=11 (full 0):
 garbage-first heap   total 262144K, used 114891K [0x00000006c0000000, 0x00000007c0000000)
  region size 1024K, 92 young (94208K), 6 survivors (6144K)
 Metaspace       used 47538K, capacity 48643K, committed 48896K, reserved 1091584K
  class space    used 5341K, capacity 5782K, committed 5888K, reserved 1048576K
}
Event: 469.445 GC heap after
{Heap after GC invocations=12 (full 1):
 garbage-first heap   total 92160K, used 24751K [0x00000006c0000000, 0x00000007c0000000)
  region size 1024K, 0 young (0K), 0 survivors (0K)
 Metaspace       used 47522K, capacity 48617K, committed 48896K, reserved 1091584K
  class space    used 5336K, capacity 5773K, committed 5888K, reserved 1048576K
}
Event: 501.809 GC heap before
{Heap before GC invocations=12 (full 1):
 garbage-first heap   total 92160K, used 69807K [0x00000006c0000000, 0x00000007c0000000)
  region size 1024K, 44 young (45056K), 0 survivors (0K)
 Metaspace       used 47850K, capacity 49025K, committed 49408K, reserved 1093632K
  class space    used 5349K, capacity 5817K, committed 5888K, reserved 1048576K
}
Event: 501.895 GC heap after
{Heap after GC invocations=13 (full 1):
 garbage-first heap   total 92160K, used 27062K [0x00000006c0000000, 0x00000007c0000000)
  region size 1024K, 3 young (3072K), 3 survivors (3072K)
 Metaspace       used 47850K, capacity 49025K, committed 49408K, reserved 1093632K
  class space    used 5349K, capacity 5817K, committed 5888K, reserved 1048576K
}
Event: 582.895 GC heap before
{Heap before GC invocations=13 (full 1):
 garbage-first heap   total 92160K, used 70070K [0x00000006c0000000, 0x00000007c0000000)
  region size 1024K, 45 young (46080K), 3 survivors (3072K)
 Metaspace       used 48105K, capacity 49358K, committed 49664K, reserved 1093632K
  class space    used 5366K, capacity 5839K, committed 5888K, reserved 1048576K
}
Event: 582.920 GC heap after
{Heap after GC invocations=14 (full 1):
 garbage-first heap   total 92160K, used 28387K [0x00000006c0000000, 0x00000007c0000000)
  region size 1024K, 4 young (4096K), 4 survivors (4096K)
 Metaspace       used 48105K, capacity 49358K, committed 49664K, reserved 1093632K
  class space    used 5366K, capacity 5839K, committed 5888K, reserved 1048576K
}
Event: 1044.154 GC heap before
{Heap before GC invocations=14 (full 1):
 garbage-first heap   total 92160K, used 71395K [0x00000006c0000000, 0x00000007c0000000)
  region size 1024K, 46 young (47104K), 4 survivors (4096K)
 Metaspace       used 48376K, capacity 49704K, committed 49920K, reserved 1093632K
  class space    used 5374K, capacity 5853K, committed 5888K, reserved 1048576K
}
Event: 1044.160 GC heap after
{Heap after GC invocations=15 (full 1):
 garbage-first heap   total 92160K, used 29075K [0x00000006c0000000, 0x00000007c0000000)
  region size 1024K, 3 young (3072K), 3 survivors (3072K)
 Metaspace       used 48376K, capacity 49704K, committed 49920K, reserved 1093632K
  class space    used 5374K, capacity 5853K, committed 5888K, reserved 1048576K
}

