# JRE version: Java(TM) SE Runtime Environment (10.0.2+13) (build 10.0.2+13)
# Java VM: Java HotSpot(TM) 64-Bit Server VM (10.0.2+13, mixed mode, tiered, compressed oops, g1 gc, windows-amd64)
Heap:
 garbage-first heap   total 89088K, used 67521K [0x00000006c0000000, 0x00000007c0000000)
  region size 1024K, 42 young (43008K), 0 survivors (0K)
 Metaspace       used 48616K, capacity 50380K, committed 50560K, reserved 1093632K
  class space    used 5342K, capacity 5976K, committed 6016K, reserved 1048576K
GC Heap History (10 events):
Event: 1083.170 GC heap before
{Heap before GC invocations=16 (full 2):
 garbage-first heap   total 89088K, used 69136K [0x00000006c0000000, 0x00000007c0000000)
  region size 1024K, 44 young (45056K), 4 survivors (4096K)
 Metaspace       used 47929K, capacity 49420K, committed 49664K, reserved 1093632K
  class space    used 5294K, capacity 5853K, committed 5888K, reserved 1048576K
}
Event: 1083.176 GC heap after
{Heap after GC invocations=17 (full 2):
 garbage-first heap   total 89088K, used 28897K [0x00000006c0000000, 0x00000007c0000000)
  region size 1024K, 3 young (3072K), 3 survivors (3072K)
 Metaspace       used 47929K, capacity 49420K, committed 49664K, reserved 1093632K
  class space    used 5294K, capacity 5853K, committed 5888K, reserved 1048576K
}
Event: 1552.548 GC heap before
{Heap before GC invocations=17 (full 2):
 garbage-first heap   total 89088K, used 45281K [0x00000006c0000000, 0x00000007c0000000)
  region size 1024K, 20 young (20480K), 3 survivors (3072K)
 Metaspace       used 48046K, capacity 49625K, committed 49664K, reserved 1093632K
  class space    used 5296K, capacity 5857K, committed 5888K, reserved 1048576K
}
Event: 1552.602 GC heap after
{Heap after GC invocations=18 (full 3):
 garbage-first heap   total 89088K, used 25249K [0x00000006c0000000, 0x00000007c0000000)
  region size 1024K, 0 young (0K), 0 survivors (0K)
 Metaspace       used 48041K, capacity 49613K, committed 49664K, reserved 1093632K
  class space    used 5294K, capacity 5853K, committed 5888K, reserved 1048576K
}
Event: 1588.858 GC heap before
{Heap before GC invocations=18 (full 3):
 garbage-first heap   total 89088K, used 69281K [0x00000006c0000000, 0x00000007c0000000)
  region size 1024K, 43 young (44032K), 0 survivors (0K)
 Metaspace       used 48202K, capacity 49809K, committed 50048K, reserved 1093632K
  class space    used 5304K, capacity 5894K, committed 6016K, reserved 1048576K
}
Event: 1588.862 GC heap after
{Heap after GC invocations=19 (full 3):
 garbage-first heap   total 89088K, used 27432K [0x00000006c0000000, 0x00000007c0000000)
  region size 1024K, 3 young (3072K), 3 survivors (3072K)
 Metaspace       used 48202K, capacity 49809K, committed 50048K, reserved 1093632K
  class space    used 5304K, capacity 5894K, committed 6016K, reserved 1048576K
}
Event: 1644.790 GC heap before
{Heap before GC invocations=19 (full 3):
 garbage-first heap   total 89088K, used 69416K [0x00000006c0000000, 0x00000007c0000000)
  region size 1024K, 44 young (45056K), 3 survivors (3072K)
 Metaspace       used 48348K, capacity 49941K, committed 50304K, reserved 1093632K
  class space    used 5315K, capacity 5905K, committed 6016K, reserved 1048576K
}
Event: 1644.817 GC heap after
{Heap after GC invocations=20 (full 3):
 garbage-first heap   total 89088K, used 28746K [0x00000006c0000000, 0x00000007c0000000)
  region size 1024K, 4 young (4096K), 4 survivors (4096K)
 Metaspace       used 48348K, capacity 49941K, committed 50304K, reserved 1093632K
  class space    used 5315K, capacity 5905K, committed 6016K, reserved 1048576K
}
Event: 1873.503 GC heap before
{Heap before GC invocations=20 (full 3):
 garbage-first heap   total 89088K, used 65610K [0x00000006c0000000, 0x00000007c0000000)
  region size 1024K, 41 young (41984K), 4 survivors (4096K)
 Metaspace       used 48517K, capacity 50268K, committed 50560K, reserved 1093632K
  class space    used 5335K, capacity 5940K, committed 6016K, reserved 1048576K
}
Event: 1873.561 GC heap after
{Heap after GC invocations=21 (full 4):
 garbage-first heap   total 89088K, used 25537K [0x00000006c0000000, 0x00000007c0000000)
  region size 1024K, 0 young (0K), 0 survivors (0K)
 Metaspace       used 48511K, capacity 50256K, committed 50560K, reserved 1093632K
  class space    used 5334K, capacity 5936K, committed 6016K, reserved 1048576K
}

