# JRE version: Java(TM) SE Runtime Environment (10.0.2+13) (build 10.0.2+13)
# Java VM: Java HotSpot(TM) 64-Bit Server VM (10.0.2+13, mixed mode, tiered, compressed oops, g1 gc, windows-amd64)
Heap:
 garbage-first heap   total 315392K, used 58748K [0x00000006c0000000, 0x00000007c0000000)
  region size 1024K, 35 young (35840K), 5 survivors (5120K)
 Metaspace       used 47356K, capacity 48450K, committed 48640K, reserved 1097728K
  class space    used 5323K, capacity 5763K, committed 5888K, reserved 1048576K
GC Heap History (10 events):
Event: 1.426 GC heap before
{Heap before GC invocations=3 (full 0):
 garbage-first heap   total 262144K, used 19911K [0x00000006c0000000, 0x00000007c0000000)
  region size 1024K, 16 young (16384K), 2 survivors (2048K)
 Metaspace       used 20716K, capacity 21063K, committed 21296K, reserved 1069056K
  class space    used 2198K, capacity 2376K, committed 2432K, reserved 1048576K
}
Event: 1.429 GC heap after
{Heap after GC invocations=4 (full 0):
 garbage-first heap   total 262144K, used 6900K [0x00000006c0000000, 0x00000007c0000000)
  region size 1024K, 3 young (3072K), 3 survivors (3072K)
 Metaspace       used 20716K, capacity 21063K, committed 21296K, reserved 1069056K
  class space    used 2198K, capacity 2376K, committed 2432K, reserved 1048576K
}
Event: 49.676 GC heap before
{Heap before GC invocations=5 (full 0):
 garbage-first heap   total 262144K, used 57076K [0x00000006c0000000, 0x00000007c0000000)
  region size 1024K, 52 young (53248K), 3 survivors (3072K)
 Metaspace       used 29054K, capacity 29716K, committed 29952K, reserved 1075200K
  class space    used 3225K, capacity 3466K, committed 3584K, reserved 1048576K
}
Event: 49.686 GC heap after
{Heap after GC invocations=6 (full 0):
 garbage-first heap   total 315392K, used 9903K [0x00000006c0000000, 0x00000007c0000000)
  region size 1024K, 5 young (5120K), 5 survivors (5120K)
 Metaspace       used 29054K, capacity 29716K, committed 29952K, reserved 1075200K
  class space    used 3225K, capacity 3466K, committed 3584K, reserved 1048576K
}
Event: 55.344 GC heap before
{Heap before GC invocations=6 (full 0):
 garbage-first heap   total 315392K, used 76463K [0x00000006c0000000, 0x00000007c0000000)
  region size 1024K, 71 young (72704K), 5 survivors (5120K)
 Metaspace       used 34914K, capacity 35741K, committed 35920K, reserved 1081344K
  class space    used 3927K, capacity 4288K, committed 4352K, reserved 1048576K
}
Event: 55.363 GC heap after
{Heap after GC invocations=7 (full 0):
 garbage-first heap   total 315392K, used 13828K [0x00000006c0000000, 0x00000007c0000000)
  region size 1024K, 9 young (9216K), 9 survivors (9216K)
 Metaspace       used 34914K, capacity 35741K, committed 35920K, reserved 1081344K
  class space    used 3927K, capacity 4288K, committed 4352K, reserved 1048576K
}
Event: 67.103 GC heap before
{Heap before GC invocations=8 (full 0):
 garbage-first heap   total 315392K, used 108036K [0x00000006c0000000, 0x00000007c0000000)
  region size 1024K, 101 young (103424K), 9 survivors (9216K)
 Metaspace       used 41584K, capacity 42594K, committed 42752K, reserved 1087488K
  class space    used 4669K, capacity 5068K, committed 5120K, reserved 1048576K
}
Event: 67.131 GC heap after
{Heap after GC invocations=9 (full 0):
 garbage-first heap   total 315392K, used 23105K [0x00000006c0000000, 0x00000007c0000000)
  region size 1024K, 13 young (13312K), 13 survivors (13312K)
 Metaspace       used 41584K, capacity 42594K, committed 42752K, reserved 1087488K
  class space    used 4669K, capacity 5068K, committed 5120K, reserved 1048576K
}
Event: 231.490 GC heap before
{Heap before GC invocations=9 (full 0):
 garbage-first heap   total 315392K, used 132673K [0x00000006c0000000, 0x00000007c0000000)
  region size 1024K, 120 young (122880K), 13 survivors (13312K)
 Metaspace       used 46055K, capacity 47219K, committed 47488K, reserved 1091584K
  class space    used 5189K, capacity 5653K, committed 5760K, reserved 1048576K
}
Event: 231.509 GC heap after
{Heap after GC invocations=10 (full 0):
 garbage-first heap   total 315392K, used 28028K [0x00000006c0000000, 0x00000007c0000000)
  region size 1024K, 6 young (6144K), 6 survivors (6144K)
 Metaspace       used 46055K, capacity 47219K, committed 47488K, reserved 1091584K
  class space    used 5189K, capacity 5653K, committed 5760K, reserved 1048576K
}

