# JRE version: Java(TM) SE Runtime Environment (10.0.2+13) (build 10.0.2+13)
# Java VM: Java HotSpot(TM) 64-Bit Server VM (10.0.2+13, mixed mode, tiered, compressed oops, g1 gc, windows-amd64)
Heap:
 garbage-first heap   total 262144K, used 143254K [0x00000006c0000000, 0x00000007c0000000)
  region size 1024K, 119 young (121856K), 5 survivors (5120K)
 Metaspace       used 48820K, capacity 49965K, committed 50176K, reserved 1093632K
  class space    used 5378K, capacity 5835K, committed 5888K, reserved 1048576K
GC Heap History (10 events):
Event: 6.508 GC heap before
{Heap before GC invocations=3 (full 0):
 garbage-first heap   total 262144K, used 18713K [0x00000006c0000000, 0x00000007c0000000)
  region size 1024K, 15 young (15360K), 2 survivors (2048K)
 Metaspace       used 20771K, capacity 21145K, committed 21296K, reserved 1069056K
  class space    used 2226K, capacity 2387K, committed 2432K, reserved 1048576K
}
Event: 6.511 GC heap after
{Heap after GC invocations=4 (full 0):
 garbage-first heap   total 262144K, used 6726K [0x00000006c0000000, 0x00000007c0000000)
  region size 1024K, 2 young (2048K), 2 survivors (2048K)
 Metaspace       used 20771K, capacity 21145K, committed 21296K, reserved 1069056K
  class space    used 2226K, capacity 2387K, committed 2432K, reserved 1048576K
}
Event: 74.623 GC heap before
{Heap before GC invocations=5 (full 0):
 garbage-first heap   total 262144K, used 54854K [0x00000006c0000000, 0x00000007c0000000)
  region size 1024K, 49 young (50176K), 2 survivors (2048K)
 Metaspace       used 29023K, capacity 29655K, committed 29952K, reserved 1075200K
  class space    used 3222K, capacity 3466K, committed 3584K, reserved 1048576K
}
Event: 74.631 GC heap after
{Heap after GC invocations=6 (full 0):
 garbage-first heap   total 262144K, used 9780K [0x00000006c0000000, 0x00000007c0000000)
  region size 1024K, 5 young (5120K), 5 survivors (5120K)
 Metaspace       used 29023K, capacity 29655K, committed 29952K, reserved 1075200K
  class space    used 3222K, capacity 3466K, committed 3584K, reserved 1048576K
}
Event: 78.090 GC heap before
{Heap before GC invocations=6 (full 0):
 garbage-first heap   total 262144K, used 77364K [0x00000006c0000000, 0x00000007c0000000)
  region size 1024K, 72 young (73728K), 5 survivors (5120K)
 Metaspace       used 34900K, capacity 35739K, committed 35920K, reserved 1081344K
  class space    used 3927K, capacity 4288K, committed 4352K, reserved 1048576K
}
Event: 78.106 GC heap after
{Heap after GC invocations=7 (full 0):
 garbage-first heap   total 262144K, used 13807K [0x00000006c0000000, 0x00000007c0000000)
  region size 1024K, 9 young (9216K), 9 survivors (9216K)
 Metaspace       used 34900K, capacity 35739K, committed 35920K, reserved 1081344K
  class space    used 3927K, capacity 4288K, committed 4352K, reserved 1048576K
}
Event: 84.536 GC heap before
{Heap before GC invocations=8 (full 0):
 garbage-first heap   total 262144K, used 106991K [0x00000006c0000000, 0x00000007c0000000)
  region size 1024K, 100 young (102400K), 9 survivors (9216K)
 Metaspace       used 41562K, capacity 42532K, committed 42752K, reserved 1087488K
  class space    used 4668K, capacity 5068K, committed 5120K, reserved 1048576K
}
Event: 84.566 GC heap after
{Heap after GC invocations=9 (full 0):
 garbage-first heap   total 262144K, used 22906K [0x00000006c0000000, 0x00000007c0000000)
  region size 1024K, 13 young (13312K), 13 survivors (13312K)
 Metaspace       used 41562K, capacity 42532K, committed 42752K, reserved 1087488K
  class space    used 4668K, capacity 5068K, committed 5120K, reserved 1048576K
}
Event: 252.820 GC heap before
{Heap before GC invocations=9 (full 0):
 garbage-first heap   total 262144K, used 156026K [0x00000006c0000000, 0x00000007c0000000)
  region size 1024K, 143 young (146432K), 13 survivors (13312K)
 Metaspace       used 47292K, capacity 48484K, committed 48640K, reserved 1091584K
  class space    used 5325K, capacity 5797K, committed 5888K, reserved 1048576K
}
Event: 252.840 GC heap after
{Heap after GC invocations=10 (full 0):
 garbage-first heap   total 262144K, used 27542K [0x00000006c0000000, 0x00000007c0000000)
  region size 1024K, 5 young (5120K), 5 survivors (5120K)
 Metaspace       used 47292K, capacity 48484K, committed 48640K, reserved 1091584K
  class space    used 5325K, capacity 5797K, committed 5888K, reserved 1048576K
}

