# JRE version: Java(TM) SE Runtime Environment (10.0.2+13) (build 10.0.2+13)
# Java VM: Java HotSpot(TM) 64-Bit Server VM (10.0.2+13, mixed mode, tiered, compressed oops, g1 gc, windows-amd64)
Heap:
 garbage-first heap   total 92160K, used 32277K [0x00000006c0000000, 0x00000007c0000000)
  region size 1024K, 4 young (4096K), 1 survivors (1024K)
 Metaspace       used 49675K, capacity 51142K, committed 51456K, reserved 1095680K
  class space    used 5479K, capacity 6058K, committed 6144K, reserved 1048576K
GC Heap History (10 events):
Event: 2618.146 GC heap before
{Heap before GC invocations=32 (full 2):
 garbage-first heap   total 92160K, used 75842K [0x00000006c0000000, 0x00000007c0000000)
  region size 1024K, 47 young (48128K), 2 survivors (2048K)
 Metaspace       used 49659K, capacity 51110K, committed 51456K, reserved 1095680K
  class space    used 5477K, capacity 6026K, committed 6144K, reserved 1048576K
}
Event: 2618.150 GC heap after
{Heap after GC invocations=33 (full 2):
 garbage-first heap   total 92160K, used 29911K [0x00000006c0000000, 0x00000007c0000000)
  region size 1024K, 1 young (1024K), 1 survivors (1024K)
 Metaspace       used 49659K, capacity 51110K, committed 51456K, reserved 1095680K
  class space    used 5477K, capacity 6026K, committed 6144K, reserved 1048576K
}
Event: 2762.143 GC heap before
{Heap before GC invocations=33 (full 2):
 garbage-first heap   total 92160K, used 77015K [0x00000006c0000000, 0x00000007c0000000)
  region size 1024K, 47 young (48128K), 1 survivors (1024K)
 Metaspace       used 49659K, capacity 51110K, committed 51456K, reserved 1095680K
  class space    used 5477K, capacity 6026K, committed 6144K, reserved 1048576K
}
Event: 2762.145 GC heap after
{Heap after GC invocations=34 (full 2):
 garbage-first heap   total 92160K, used 29849K [0x00000006c0000000, 0x00000007c0000000)
  region size 1024K, 1 young (1024K), 1 survivors (1024K)
 Metaspace       used 49659K, capacity 51110K, committed 51456K, reserved 1095680K
  class space    used 5477K, capacity 6026K, committed 6144K, reserved 1048576K
}
Event: 2903.046 GC heap before
{Heap before GC invocations=34 (full 2):
 garbage-first heap   total 92160K, used 75929K [0x00000006c0000000, 0x00000007c0000000)
  region size 1024K, 46 young (47104K), 1 survivors (1024K)
 Metaspace       used 49659K, capacity 51110K, committed 51456K, reserved 1095680K
  class space    used 5477K, capacity 6026K, committed 6144K, reserved 1048576K
}
Event: 2903.049 GC heap after
{Heap after GC invocations=35 (full 2):
 garbage-first heap   total 92160K, used 29881K [0x00000006c0000000, 0x00000007c0000000)
  region size 1024K, 1 young (1024K), 1 survivors (1024K)
 Metaspace       used 49659K, capacity 51110K, committed 51456K, reserved 1095680K
  class space    used 5477K, capacity 6026K, committed 6144K, reserved 1048576K
}
Event: 3048.271 GC heap before
{Heap before GC invocations=35 (full 2):
 garbage-first heap   total 92160K, used 76985K [0x00000006c0000000, 0x00000007c0000000)
  region size 1024K, 47 young (48128K), 1 survivors (1024K)
 Metaspace       used 49672K, capacity 51110K, committed 51456K, reserved 1095680K
  class space    used 5477K, capacity 6026K, committed 6144K, reserved 1048576K
}
Event: 3048.272 GC heap after
{Heap after GC invocations=36 (full 2):
 garbage-first heap   total 92160K, used 29893K [0x00000006c0000000, 0x00000007c0000000)
  region size 1024K, 1 young (1024K), 1 survivors (1024K)
 Metaspace       used 49672K, capacity 51110K, committed 51456K, reserved 1095680K
  class space    used 5477K, capacity 6026K, committed 6144K, reserved 1048576K
}
Event: 3150.205 GC heap before
{Heap before GC invocations=36 (full 2):
 garbage-first heap   total 92160K, used 76997K [0x00000006c0000000, 0x00000007c0000000)
  region size 1024K, 47 young (48128K), 1 survivors (1024K)
 Metaspace       used 49674K, capacity 51110K, committed 51456K, reserved 1095680K
  class space    used 5478K, capacity 6026K, committed 6144K, reserved 1048576K
}
Event: 3150.207 GC heap after
{Heap after GC invocations=37 (full 2):
 garbage-first heap   total 92160K, used 30229K [0x00000006c0000000, 0x00000007c0000000)
  region size 1024K, 1 young (1024K), 1 survivors (1024K)
 Metaspace       used 49674K, capacity 51110K, committed 51456K, reserved 1095680K
  class space    used 5478K, capacity 6026K, committed 6144K, reserved 1048576K
}

