# JRE version: Java(TM) SE Runtime Environment (10.0.2+13) (build 10.0.2+13)
# Java VM: Java HotSpot(TM) 64-Bit Server VM (10.0.2+13, mixed mode, tiered, compressed oops, g1 gc, windows-amd64)
Heap:
 garbage-first heap   total 262144K, used 92529K [0x00000006c0000000, 0x00000007c0000000)
  region size 1024K, 70 young (71680K), 6 survivors (6144K)
 Metaspace       used 47937K, capacity 49018K, committed 49152K, reserved 1093632K
  class space    used 5354K, capacity 5802K, committed 5888K, reserved 1048576K
GC Heap History (10 events):
Event: 102.255 GC heap before
{Heap before GC invocations=5 (full 0):
 garbage-first heap   total 262144K, used 54806K [0x00000006c0000000, 0x00000007c0000000)
  region size 1024K, 49 young (50176K), 2 survivors (2048K)
 Metaspace       used 29085K, capacity 29777K, committed 29952K, reserved 1075200K
  class space    used 3223K, capacity 3466K, committed 3584K, reserved 1048576K
}
Event: 102.262 GC heap after
{Heap after GC invocations=6 (full 0):
 garbage-first heap   total 262144K, used 9758K [0x00000006c0000000, 0x00000007c0000000)
  region size 1024K, 5 young (5120K), 5 survivors (5120K)
 Metaspace       used 29085K, capacity 29777K, committed 29952K, reserved 1075200K
  class space    used 3223K, capacity 3466K, committed 3584K, reserved 1048576K
}
Event: 107.557 GC heap before
{Heap before GC invocations=6 (full 0):
 garbage-first heap   total 262144K, used 77342K [0x00000006c0000000, 0x00000007c0000000)
  region size 1024K, 71 young (72704K), 5 survivors (5120K)
 Metaspace       used 34781K, capacity 35632K, committed 35840K, reserved 1081344K
  class space    used 3914K, capacity 4256K, committed 4352K, reserved 1048576K
}
Event: 107.569 GC heap after
{Heap after GC invocations=7 (full 0):
 garbage-first heap   total 262144K, used 13797K [0x00000006c0000000, 0x00000007c0000000)
  region size 1024K, 9 young (9216K), 9 survivors (9216K)
 Metaspace       used 34781K, capacity 35632K, committed 35840K, reserved 1081344K
  class space    used 3914K, capacity 4256K, committed 4352K, reserved 1048576K
}
Event: 107.583 GC heap before
{Heap before GC invocations=7 (full 0):
 garbage-first heap   total 262144K, used 13797K [0x00000006c0000000, 0x00000007c0000000)
  region size 1024K, 10 young (10240K), 9 survivors (9216K)
 Metaspace       used 34917K, capacity 35728K, committed 35920K, reserved 1081344K
  class space    used 3926K, capacity 4288K, committed 4352K, reserved 1048576K
}
Event: 107.597 GC heap after
{Heap after GC invocations=8 (full 0):
 garbage-first heap   total 262144K, used 14245K [0x00000006c0000000, 0x00000007c0000000)
  region size 1024K, 5 young (5120K), 5 survivors (5120K)
 Metaspace       used 34917K, capacity 35728K, committed 35920K, reserved 1081344K
  class space    used 3926K, capacity 4288K, committed 4352K, reserved 1048576K
}
Event: 116.625 GC heap before
{Heap before GC invocations=9 (full 0):
 garbage-first heap   total 262144K, used 108453K [0x00000006c0000000, 0x00000007c0000000)
  region size 1024K, 97 young (99328K), 5 survivors (5120K)
 Metaspace       used 41614K, capacity 42582K, committed 42752K, reserved 1087488K
  class space    used 4670K, capacity 5068K, committed 5120K, reserved 1048576K
}
Event: 116.662 GC heap after
{Heap after GC invocations=10 (full 0):
 garbage-first heap   total 262144K, used 23068K [0x00000006c0000000, 0x00000007c0000000)
  region size 1024K, 13 young (13312K), 13 survivors (13312K)
 Metaspace       used 41614K, capacity 42582K, committed 42752K, reserved 1087488K
  class space    used 4670K, capacity 5068K, committed 5120K, reserved 1048576K
}
Event: 359.841 GC heap before
{Heap before GC invocations=10 (full 0):
 garbage-first heap   total 262144K, used 149020K [0x00000006c0000000, 0x00000007c0000000)
  region size 1024K, 136 young (139264K), 13 survivors (13312K)
 Metaspace       used 47358K, capacity 48485K, committed 48640K, reserved 1091584K
  class space    used 5349K, capacity 5798K, committed 5888K, reserved 1048576K
}
Event: 359.862 GC heap after
{Heap after GC invocations=11 (full 0):
 garbage-first heap   total 262144K, used 28017K [0x00000006c0000000, 0x00000007c0000000)
  region size 1024K, 6 young (6144K), 6 survivors (6144K)
 Metaspace       used 47358K, capacity 48485K, committed 48640K, reserved 1091584K
  class space    used 5349K, capacity 5798K, committed 5888K, reserved 1048576K
}

