# JRE version: Java(TM) SE Runtime Environment (10.0.2+13) (build 10.0.2+13)
# Java VM: Java HotSpot(TM) 64-Bit Server VM (10.0.2+13, mixed mode, tiered, compressed oops, g1 gc, windows-amd64)
Heap:
 garbage-first heap   total 89088K, used 40282K [0x00000006c0000000, 0x00000007c0000000)
  region size 1024K, 15 young (15360K), 3 survivors (3072K)
 Metaspace       used 48056K, capacity 49622K, committed 49664K, reserved 1093632K
  class space    used 5293K, capacity 5854K, committed 5888K, reserved 1048576K
GC Heap History (10 events):
Event: 476.011 GC heap before
{Heap before GC invocations=13 (full 1):
 garbage-first heap   total 89088K, used 65608K [0x00000006c0000000, 0x00000007c0000000)
  region size 1024K, 41 young (41984K), 4 survivors (4096K)
 Metaspace       used 47288K, capacity 48704K, committed 48896K, reserved 1091584K
  class space    used 5259K, capacity 5779K, committed 5888K, reserved 1048576K
}
Event: 476.017 GC heap after
{Heap after GC invocations=14 (full 1):
 garbage-first heap   total 89088K, used 29728K [0x00000006c0000000, 0x00000007c0000000)
  region size 1024K, 6 young (6144K), 6 survivors (6144K)
 Metaspace       used 47288K, capacity 48704K, committed 48896K, reserved 1091584K
  class space    used 5259K, capacity 5779K, committed 5888K, reserved 1048576K
}
Event: 770.291 GC heap before
{Heap before GC invocations=14 (full 1):
 garbage-first heap   total 89088K, used 45088K [0x00000006c0000000, 0x00000007c0000000)
  region size 1024K, 22 young (22528K), 6 survivors (6144K)
 Metaspace       used 47415K, capacity 48793K, committed 48896K, reserved 1091584K
  class space    used 5261K, capacity 5785K, committed 5888K, reserved 1048576K
}
Event: 770.347 GC heap after
{Heap after GC invocations=15 (full 2):
 garbage-first heap   total 89088K, used 24675K [0x00000006c0000000, 0x00000007c0000000)
  region size 1024K, 0 young (0K), 0 survivors (0K)
 Metaspace       used 47412K, capacity 48787K, committed 48896K, reserved 1091584K
  class space    used 5260K, capacity 5783K, committed 5888K, reserved 1048576K
}
Event: 801.130 GC heap before
{Heap before GC invocations=15 (full 2):
 garbage-first heap   total 89088K, used 67683K [0x00000006c0000000, 0x00000007c0000000)
  region size 1024K, 42 young (43008K), 0 survivors (0K)
 Metaspace       used 47603K, capacity 49046K, committed 49152K, reserved 1093632K
  class space    used 5270K, capacity 5824K, committed 5888K, reserved 1048576K
}
Event: 801.135 GC heap after
{Heap after GC invocations=16 (full 2):
 garbage-first heap   total 89088K, used 26723K [0x00000006c0000000, 0x00000007c0000000)
  region size 1024K, 2 young (2048K), 2 survivors (2048K)
 Metaspace       used 47603K, capacity 49046K, committed 49152K, reserved 1093632K
  class space    used 5270K, capacity 5824K, committed 5888K, reserved 1048576K
}
Event: 883.126 GC heap before
{Heap before GC invocations=16 (full 2):
 garbage-first heap   total 89088K, used 68707K [0x00000006c0000000, 0x00000007c0000000)
  region size 1024K, 43 young (44032K), 2 survivors (2048K)
 Metaspace       used 47770K, capacity 49216K, committed 49408K, reserved 1093632K
  class space    used 5278K, capacity 5830K, committed 5888K, reserved 1048576K
}
Event: 883.133 GC heap after
{Heap after GC invocations=17 (full 2):
 garbage-first heap   total 89088K, used 28253K [0x00000006c0000000, 0x00000007c0000000)
  region size 1024K, 4 young (4096K), 4 survivors (4096K)
 Metaspace       used 47770K, capacity 49216K, committed 49408K, reserved 1093632K
  class space    used 5278K, capacity 5830K, committed 5888K, reserved 1048576K
}
Event: 1213.837 GC heap before
{Heap before GC invocations=17 (full 2):
 garbage-first heap   total 89088K, used 69213K [0x00000006c0000000, 0x00000007c0000000)
  region size 1024K, 44 young (45056K), 4 survivors (4096K)
 Metaspace       used 47983K, capacity 49492K, committed 49664K, reserved 1093632K
  class space    used 5292K, capacity 5854K, committed 5888K, reserved 1048576K
}
Event: 1213.843 GC heap after
{Heap after GC invocations=18 (full 2):
 garbage-first heap   total 89088K, used 29018K [0x00000006c0000000, 0x00000007c0000000)
  region size 1024K, 3 young (3072K), 3 survivors (3072K)
 Metaspace       used 47983K, capacity 49492K, committed 49664K, reserved 1093632K
  class space    used 5292K, capacity 5854K, committed 5888K, reserved 1048576K
}

